{"/Users/hyochan/Documents/GitHub/talktalk-rn/STRINGS.js": {"path":"/Users/hyochan/Documents/GitHub/talktalk-rn/STRINGS.js","statementMap":{"0":{"start":{"line":1,"column":42},"end":{"line":1,"column":97}},"1":{"start":{"line":1,"column":98},"end":{"line":1,"column":160}},"2":{"start":{"line":1,"column":160},"end":{"line":1,"column":205}},"3":{"start":{"line":1,"column":236},"end":{"line":1,"column":296}},"4":{"start":{"line":3,"column":14},"end":{"line":62,"column":42}},"5":{"start":{"line":62,"column":43},"end":{"line":62,"column":69}},"6":{"start":{"line":66,"column":16},"end":{"line":68,"column":1}},"7":{"start":{"line":67,"column":2},"end":{"line":67,"column":22}},"8":{"start":{"line":68,"column":2},"end":{"line":68,"column":32}}},"fnMap":{"0":{"name":"getString","decl":{"start":{"line":66,"column":25},"end":{"line":66,"column":34}},"loc":{"start":{"line":66,"column":40},"end":{"line":68,"column":1}},"line":66}},"branchMap":{},"s":{"0":3,"1":3,"2":3,"3":3,"4":3,"5":3,"6":3,"7":2,"8":3},"f":{"0":2},"b":{},"_coverageSchema":"332fd63041d2c1bcb487cc26dd0d5f7d97098a6c","hash":"e2e95a1df99a9f75e9b3aeeef98d2493bd7fd086"}
,"/Users/hyochan/Documents/GitHub/talktalk-rn/assets/icons/mask.png": {"path":"/Users/hyochan/Documents/GitHub/talktalk-rn/assets/icons/mask.png","statementMap":{"0":{"start":{"line":1,"column":0},"end":{"line":4,"column":6}}},"fnMap":{},"branchMap":{},"s":{"0":3},"f":{},"b":{},"_coverageSchema":"332fd63041d2c1bcb487cc26dd0d5f7d97098a6c","hash":"fa4178f33e2a40e05f8db6265bb29a2b3a5b1fb8"}
,"/Users/hyochan/Documents/GitHub/talktalk-rn/src/components/screen/Chat.js": {"path":"/Users/hyochan/Documents/GitHub/talktalk-rn/src/components/screen/Chat.js","statementMap":{"0":{"start":{"line":1,"column":42},"end":{"line":1,"column":97}},"1":{"start":{"line":1,"column":128},"end":{"line":1,"column":184}},"2":{"start":{"line":1,"column":185},"end":{"line":1,"column":247}},"3":{"start":{"line":1,"column":247},"end":{"line":1,"column":272}},"4":{"start":{"line":1,"column":295},"end":{"line":1,"column":367}},"5":{"start":{"line":1,"column":388},"end":{"line":1,"column":457}},"6":{"start":{"line":1,"column":492},"end":{"line":1,"column":575}},"7":{"start":{"line":1,"column":599},"end":{"line":1,"column":671}},"8":{"start":{"line":1,"column":689},"end":{"line":1,"column":755}},"9":{"start":{"line":2,"column":13},"end":{"line":2,"column":54}},"10":{"start":{"line":3,"column":19},"end":{"line":3,"column":42}},"11":{"start":{"line":17,"column":14},"end":{"line":17,"column":43}},"12":{"start":{"line":17,"column":63},"end":{"line":17,"column":138}},"13":{"start":{"line":23,"column":13},"end":{"line":29,"column":33}},"14":{"start":{"line":40,"column":9},"end":{"line":51,"column":43}},"15":{"start":{"line":40,"column":32},"end":{"line":40,"column":76}},"16":{"start":{"line":40,"column":95},"end":{"line":40,"column":139}},"17":{"start":{"line":40,"column":139},"end":{"line":40,"column":255}},"18":{"start":{"line":40,"column":256},"end":{"line":51,"column":10}},"19":{"start":{"line":46,"column":6},"end":{"line":48,"column":124}},"20":{"start":{"line":51,"column":10},"end":{"line":51,"column":24}},"21":{"start":{"line":51,"column":44},"end":{"line":51,"column":90}},"22":{"start":{"line":54,"column":0},"end":{"line":54,"column":6}},"23":{"start":{"line":54,"column":7},"end":{"line":54,"column":34}}},"fnMap":{"0":{"name":"(anonymous_0)","decl":{"start":{"line":40,"column":9},"end":{"line":40,"column":10}},"loc":{"start":{"line":40,"column":31},"end":{"line":51,"column":25}},"line":40},"1":{"name":"Screen","decl":{"start":{"line":40,"column":85},"end":{"line":40,"column":91}},"loc":{"start":{"line":40,"column":94},"end":{"line":40,"column":256}},"line":40},"2":{"name":"render","decl":{"start":{"line":40,"column":325},"end":{"line":40,"column":331}},"loc":{"start":{"line":45,"column":4},"end":{"line":51,"column":5}},"line":45}},"branchMap":{},"s":{"0":1,"1":1,"2":1,"3":1,"4":1,"5":1,"6":1,"7":1,"8":1,"9":1,"10":1,"11":1,"12":1,"13":1,"14":1,"15":1,"16":1,"17":1,"18":1,"19":1,"20":1,"21":1,"22":1,"23":1},"f":{"0":1,"1":1,"2":1},"b":{},"_coverageSchema":"332fd63041d2c1bcb487cc26dd0d5f7d97098a6c","hash":"6359597ffa9b5163a9fe4c1b66adb6681611e507"}
,"/Users/hyochan/Documents/GitHub/talktalk-rn/src/components/screen/FindPw.js": {"path":"/Users/hyochan/Documents/GitHub/talktalk-rn/src/components/screen/FindPw.js","statementMap":{"0":{"start":{"line":1,"column":42},"end":{"line":1,"column":97}},"1":{"start":{"line":1,"column":128},"end":{"line":1,"column":184}},"2":{"start":{"line":1,"column":185},"end":{"line":1,"column":247}},"3":{"start":{"line":1,"column":247},"end":{"line":1,"column":272}},"4":{"start":{"line":1,"column":295},"end":{"line":1,"column":367}},"5":{"start":{"line":1,"column":388},"end":{"line":1,"column":457}},"6":{"start":{"line":1,"column":492},"end":{"line":1,"column":575}},"7":{"start":{"line":1,"column":599},"end":{"line":1,"column":671}},"8":{"start":{"line":1,"column":689},"end":{"line":1,"column":755}},"9":{"start":{"line":2,"column":13},"end":{"line":2,"column":54}},"10":{"start":{"line":3,"column":19},"end":{"line":3,"column":42}},"11":{"start":{"line":17,"column":14},"end":{"line":17,"column":43}},"12":{"start":{"line":17,"column":63},"end":{"line":17,"column":140}},"13":{"start":{"line":23,"column":13},"end":{"line":29,"column":33}},"14":{"start":{"line":40,"column":9},"end":{"line":51,"column":43}},"15":{"start":{"line":40,"column":32},"end":{"line":40,"column":76}},"16":{"start":{"line":40,"column":95},"end":{"line":40,"column":139}},"17":{"start":{"line":40,"column":139},"end":{"line":40,"column":255}},"18":{"start":{"line":40,"column":256},"end":{"line":51,"column":10}},"19":{"start":{"line":46,"column":6},"end":{"line":48,"column":126}},"20":{"start":{"line":51,"column":10},"end":{"line":51,"column":24}},"21":{"start":{"line":51,"column":44},"end":{"line":51,"column":90}},"22":{"start":{"line":54,"column":0},"end":{"line":54,"column":6}},"23":{"start":{"line":54,"column":7},"end":{"line":54,"column":34}}},"fnMap":{"0":{"name":"(anonymous_0)","decl":{"start":{"line":40,"column":9},"end":{"line":40,"column":10}},"loc":{"start":{"line":40,"column":31},"end":{"line":51,"column":25}},"line":40},"1":{"name":"Screen","decl":{"start":{"line":40,"column":85},"end":{"line":40,"column":91}},"loc":{"start":{"line":40,"column":94},"end":{"line":40,"column":256}},"line":40},"2":{"name":"render","decl":{"start":{"line":40,"column":325},"end":{"line":40,"column":331}},"loc":{"start":{"line":45,"column":4},"end":{"line":51,"column":5}},"line":45}},"branchMap":{},"s":{"0":1,"1":1,"2":1,"3":1,"4":1,"5":1,"6":1,"7":1,"8":1,"9":1,"10":1,"11":1,"12":1,"13":1,"14":1,"15":1,"16":1,"17":1,"18":1,"19":1,"20":1,"21":1,"22":1,"23":1},"f":{"0":1,"1":1,"2":1},"b":{},"_coverageSchema":"332fd63041d2c1bcb487cc26dd0d5f7d97098a6c","hash":"125203580392f9980d145147d2b5080927639dc5"}
,"/Users/hyochan/Documents/GitHub/talktalk-rn/src/components/screen/Friend.js": {"path":"/Users/hyochan/Documents/GitHub/talktalk-rn/src/components/screen/Friend.js","statementMap":{"0":{"start":{"line":1,"column":42},"end":{"line":1,"column":97}},"1":{"start":{"line":1,"column":128},"end":{"line":1,"column":184}},"2":{"start":{"line":1,"column":185},"end":{"line":1,"column":247}},"3":{"start":{"line":1,"column":247},"end":{"line":1,"column":272}},"4":{"start":{"line":1,"column":295},"end":{"line":1,"column":367}},"5":{"start":{"line":1,"column":388},"end":{"line":1,"column":457}},"6":{"start":{"line":1,"column":492},"end":{"line":1,"column":575}},"7":{"start":{"line":1,"column":599},"end":{"line":1,"column":671}},"8":{"start":{"line":1,"column":689},"end":{"line":1,"column":755}},"9":{"start":{"line":2,"column":13},"end":{"line":2,"column":54}},"10":{"start":{"line":3,"column":19},"end":{"line":3,"column":42}},"11":{"start":{"line":17,"column":14},"end":{"line":17,"column":43}},"12":{"start":{"line":18,"column":28},"end":{"line":18,"column":75}},"13":{"start":{"line":18,"column":95},"end":{"line":18,"column":172}},"14":{"start":{"line":24,"column":13},"end":{"line":30,"column":33}},"15":{"start":{"line":41,"column":9},"end":{"line":65,"column":43}},"16":{"start":{"line":41,"column":32},"end":{"line":41,"column":76}},"17":{"start":{"line":41,"column":95},"end":{"line":41,"column":139}},"18":{"start":{"line":41,"column":139},"end":{"line":41,"column":255}},"19":{"start":{"line":41,"column":256},"end":{"line":65,"column":10}},"20":{"start":{"line":47,"column":6},"end":{"line":61,"column":12}},"21":{"start":{"line":51,"column":10},"end":{"line":57,"column":137}},"22":{"start":{"line":55,"column":43},"end":{"line":55,"column":77}},"23":{"start":{"line":65,"column":10},"end":{"line":65,"column":24}},"24":{"start":{"line":65,"column":44},"end":{"line":65,"column":90}},"25":{"start":{"line":68,"column":0},"end":{"line":68,"column":6}},"26":{"start":{"line":68,"column":7},"end":{"line":68,"column":34}}},"fnMap":{"0":{"name":"(anonymous_0)","decl":{"start":{"line":41,"column":9},"end":{"line":41,"column":10}},"loc":{"start":{"line":41,"column":31},"end":{"line":65,"column":25}},"line":41},"1":{"name":"Screen","decl":{"start":{"line":41,"column":85},"end":{"line":41,"column":91}},"loc":{"start":{"line":41,"column":94},"end":{"line":41,"column":256}},"line":41},"2":{"name":"render","decl":{"start":{"line":41,"column":325},"end":{"line":41,"column":331}},"loc":{"start":{"line":46,"column":4},"end":{"line":65,"column":5}},"line":46},"3":{"name":"(anonymous_3)","decl":{"start":{"line":50,"column":8},"end":{"line":50,"column":9}},"loc":{"start":{"line":50,"column":24},"end":{"line":61,"column":9}},"line":50},"4":{"name":"onPress","decl":{"start":{"line":55,"column":32},"end":{"line":55,"column":39}},"loc":{"start":{"line":55,"column":42},"end":{"line":55,"column":78}},"line":55}},"branchMap":{},"s":{"0":1,"1":1,"2":1,"3":1,"4":1,"5":1,"6":1,"7":1,"8":1,"9":1,"10":1,"11":1,"12":1,"13":1,"14":1,"15":1,"16":1,"17":1,"18":1,"19":1,"20":1,"21":0,"22":0,"23":1,"24":1,"25":1,"26":1},"f":{"0":1,"1":1,"2":1,"3":0,"4":0},"b":{},"_coverageSchema":"332fd63041d2c1bcb487cc26dd0d5f7d97098a6c","hash":"50833abec354edc7472e33a43e7b50130fb58377"}
,"/Users/hyochan/Documents/GitHub/talktalk-rn/src/components/screen/Loading.js": {"path":"/Users/hyochan/Documents/GitHub/talktalk-rn/src/components/screen/Loading.js","statementMap":{"0":{"start":{"line":1,"column":42},"end":{"line":1,"column":97}},"1":{"start":{"line":1,"column":128},"end":{"line":1,"column":184}},"2":{"start":{"line":1,"column":185},"end":{"line":1,"column":247}},"3":{"start":{"line":1,"column":247},"end":{"line":1,"column":272}},"4":{"start":{"line":1,"column":295},"end":{"line":1,"column":367}},"5":{"start":{"line":1,"column":388},"end":{"line":1,"column":457}},"6":{"start":{"line":1,"column":492},"end":{"line":1,"column":575}},"7":{"start":{"line":1,"column":599},"end":{"line":1,"column":671}},"8":{"start":{"line":1,"column":689},"end":{"line":1,"column":755}},"9":{"start":{"line":2,"column":13},"end":{"line":2,"column":54}},"10":{"start":{"line":3,"column":19},"end":{"line":3,"column":42}},"11":{"start":{"line":17,"column":14},"end":{"line":17,"column":43}},"12":{"start":{"line":17,"column":63},"end":{"line":17,"column":141}},"13":{"start":{"line":24,"column":13},"end":{"line":33,"column":21}},"14":{"start":{"line":44,"column":9},"end":{"line":55,"column":43}},"15":{"start":{"line":44,"column":32},"end":{"line":44,"column":76}},"16":{"start":{"line":44,"column":95},"end":{"line":44,"column":139}},"17":{"start":{"line":44,"column":139},"end":{"line":44,"column":255}},"18":{"start":{"line":44,"column":256},"end":{"line":55,"column":10}},"19":{"start":{"line":50,"column":6},"end":{"line":52,"column":147}},"20":{"start":{"line":55,"column":10},"end":{"line":55,"column":24}},"21":{"start":{"line":55,"column":44},"end":{"line":55,"column":90}},"22":{"start":{"line":58,"column":0},"end":{"line":58,"column":6}},"23":{"start":{"line":58,"column":7},"end":{"line":58,"column":34}}},"fnMap":{"0":{"name":"(anonymous_0)","decl":{"start":{"line":44,"column":9},"end":{"line":44,"column":10}},"loc":{"start":{"line":44,"column":31},"end":{"line":55,"column":25}},"line":44},"1":{"name":"Screen","decl":{"start":{"line":44,"column":85},"end":{"line":44,"column":91}},"loc":{"start":{"line":44,"column":94},"end":{"line":44,"column":256}},"line":44},"2":{"name":"render","decl":{"start":{"line":44,"column":325},"end":{"line":44,"column":331}},"loc":{"start":{"line":49,"column":4},"end":{"line":55,"column":5}},"line":49}},"branchMap":{},"s":{"0":1,"1":1,"2":1,"3":1,"4":1,"5":1,"6":1,"7":1,"8":1,"9":1,"10":1,"11":1,"12":1,"13":1,"14":1,"15":1,"16":1,"17":1,"18":1,"19":1,"20":1,"21":1,"22":1,"23":1},"f":{"0":1,"1":1,"2":1},"b":{},"_coverageSchema":"332fd63041d2c1bcb487cc26dd0d5f7d97098a6c","hash":"404616a5012d7f33178fb1c5dbeded2f2da1fd69"}
,"/Users/hyochan/Documents/GitHub/talktalk-rn/src/components/screen/Login.js": {"path":"/Users/hyochan/Documents/GitHub/talktalk-rn/src/components/screen/Login.js","statementMap":{"0":{"start":{"line":1,"column":42},"end":{"line":1,"column":97}},"1":{"start":{"line":1,"column":128},"end":{"line":1,"column":184}},"2":{"start":{"line":1,"column":185},"end":{"line":1,"column":247}},"3":{"start":{"line":1,"column":247},"end":{"line":1,"column":272}},"4":{"start":{"line":1,"column":295},"end":{"line":1,"column":367}},"5":{"start":{"line":1,"column":388},"end":{"line":1,"column":457}},"6":{"start":{"line":1,"column":492},"end":{"line":1,"column":575}},"7":{"start":{"line":1,"column":599},"end":{"line":1,"column":671}},"8":{"start":{"line":1,"column":689},"end":{"line":1,"column":755}},"9":{"start":{"line":2,"column":13},"end":{"line":2,"column":54}},"10":{"start":{"line":3,"column":19},"end":{"line":3,"column":42}},"11":{"start":{"line":17,"column":14},"end":{"line":17,"column":43}},"12":{"start":{"line":17,"column":63},"end":{"line":17,"column":139}},"13":{"start":{"line":23,"column":13},"end":{"line":29,"column":33}},"14":{"start":{"line":40,"column":9},"end":{"line":51,"column":43}},"15":{"start":{"line":40,"column":32},"end":{"line":40,"column":76}},"16":{"start":{"line":40,"column":95},"end":{"line":40,"column":139}},"17":{"start":{"line":40,"column":139},"end":{"line":40,"column":255}},"18":{"start":{"line":40,"column":256},"end":{"line":51,"column":10}},"19":{"start":{"line":46,"column":6},"end":{"line":48,"column":125}},"20":{"start":{"line":51,"column":10},"end":{"line":51,"column":24}},"21":{"start":{"line":51,"column":44},"end":{"line":51,"column":90}},"22":{"start":{"line":54,"column":0},"end":{"line":54,"column":6}},"23":{"start":{"line":54,"column":7},"end":{"line":54,"column":34}}},"fnMap":{"0":{"name":"(anonymous_0)","decl":{"start":{"line":40,"column":9},"end":{"line":40,"column":10}},"loc":{"start":{"line":40,"column":31},"end":{"line":51,"column":25}},"line":40},"1":{"name":"Screen","decl":{"start":{"line":40,"column":85},"end":{"line":40,"column":91}},"loc":{"start":{"line":40,"column":94},"end":{"line":40,"column":256}},"line":40},"2":{"name":"render","decl":{"start":{"line":40,"column":325},"end":{"line":40,"column":331}},"loc":{"start":{"line":45,"column":4},"end":{"line":51,"column":5}},"line":45}},"branchMap":{},"s":{"0":1,"1":1,"2":1,"3":1,"4":1,"5":1,"6":1,"7":1,"8":1,"9":1,"10":1,"11":1,"12":1,"13":1,"14":1,"15":1,"16":1,"17":1,"18":1,"19":1,"20":1,"21":1,"22":1,"23":1},"f":{"0":1,"1":1,"2":1},"b":{},"_coverageSchema":"332fd63041d2c1bcb487cc26dd0d5f7d97098a6c","hash":"db05009fdbb8b7ab164843066169d81d556df115"}
,"/Users/hyochan/Documents/GitHub/talktalk-rn/src/components/screen/Message.js": {"path":"/Users/hyochan/Documents/GitHub/talktalk-rn/src/components/screen/Message.js","statementMap":{"0":{"start":{"line":1,"column":42},"end":{"line":1,"column":97}},"1":{"start":{"line":1,"column":128},"end":{"line":1,"column":184}},"2":{"start":{"line":1,"column":185},"end":{"line":1,"column":247}},"3":{"start":{"line":1,"column":247},"end":{"line":1,"column":272}},"4":{"start":{"line":1,"column":295},"end":{"line":1,"column":367}},"5":{"start":{"line":1,"column":388},"end":{"line":1,"column":457}},"6":{"start":{"line":1,"column":492},"end":{"line":1,"column":575}},"7":{"start":{"line":1,"column":599},"end":{"line":1,"column":671}},"8":{"start":{"line":1,"column":689},"end":{"line":1,"column":755}},"9":{"start":{"line":2,"column":13},"end":{"line":2,"column":54}},"10":{"start":{"line":3,"column":19},"end":{"line":3,"column":42}},"11":{"start":{"line":17,"column":14},"end":{"line":17,"column":43}},"12":{"start":{"line":17,"column":63},"end":{"line":17,"column":141}},"13":{"start":{"line":23,"column":13},"end":{"line":29,"column":33}},"14":{"start":{"line":40,"column":9},"end":{"line":51,"column":43}},"15":{"start":{"line":40,"column":32},"end":{"line":40,"column":76}},"16":{"start":{"line":40,"column":95},"end":{"line":40,"column":139}},"17":{"start":{"line":40,"column":139},"end":{"line":40,"column":255}},"18":{"start":{"line":40,"column":256},"end":{"line":51,"column":10}},"19":{"start":{"line":46,"column":6},"end":{"line":48,"column":127}},"20":{"start":{"line":51,"column":10},"end":{"line":51,"column":24}},"21":{"start":{"line":51,"column":44},"end":{"line":51,"column":90}},"22":{"start":{"line":54,"column":0},"end":{"line":54,"column":6}},"23":{"start":{"line":54,"column":7},"end":{"line":54,"column":34}}},"fnMap":{"0":{"name":"(anonymous_0)","decl":{"start":{"line":40,"column":9},"end":{"line":40,"column":10}},"loc":{"start":{"line":40,"column":31},"end":{"line":51,"column":25}},"line":40},"1":{"name":"Screen","decl":{"start":{"line":40,"column":85},"end":{"line":40,"column":91}},"loc":{"start":{"line":40,"column":94},"end":{"line":40,"column":256}},"line":40},"2":{"name":"render","decl":{"start":{"line":40,"column":325},"end":{"line":40,"column":331}},"loc":{"start":{"line":45,"column":4},"end":{"line":51,"column":5}},"line":45}},"branchMap":{},"s":{"0":1,"1":1,"2":1,"3":1,"4":1,"5":1,"6":1,"7":1,"8":1,"9":1,"10":1,"11":1,"12":1,"13":1,"14":1,"15":1,"16":1,"17":1,"18":1,"19":1,"20":1,"21":1,"22":1,"23":1},"f":{"0":1,"1":1,"2":1},"b":{},"_coverageSchema":"332fd63041d2c1bcb487cc26dd0d5f7d97098a6c","hash":"59ad7f9e368ac1398046ee63958774e8d53e6bbe"}
,"/Users/hyochan/Documents/GitHub/talktalk-rn/src/components/screen/NotFound.js": {"path":"/Users/hyochan/Documents/GitHub/talktalk-rn/src/components/screen/NotFound.js","statementMap":{"0":{"start":{"line":1,"column":42},"end":{"line":1,"column":97}},"1":{"start":{"line":1,"column":128},"end":{"line":1,"column":184}},"2":{"start":{"line":1,"column":185},"end":{"line":1,"column":247}},"3":{"start":{"line":1,"column":247},"end":{"line":1,"column":272}},"4":{"start":{"line":1,"column":295},"end":{"line":1,"column":367}},"5":{"start":{"line":1,"column":388},"end":{"line":1,"column":457}},"6":{"start":{"line":1,"column":492},"end":{"line":1,"column":575}},"7":{"start":{"line":1,"column":599},"end":{"line":1,"column":671}},"8":{"start":{"line":1,"column":689},"end":{"line":1,"column":755}},"9":{"start":{"line":2,"column":13},"end":{"line":2,"column":54}},"10":{"start":{"line":3,"column":19},"end":{"line":3,"column":42}},"11":{"start":{"line":17,"column":14},"end":{"line":17,"column":43}},"12":{"start":{"line":17,"column":63},"end":{"line":17,"column":142}},"13":{"start":{"line":23,"column":13},"end":{"line":29,"column":33}},"14":{"start":{"line":40,"column":9},"end":{"line":51,"column":43}},"15":{"start":{"line":40,"column":32},"end":{"line":40,"column":76}},"16":{"start":{"line":40,"column":95},"end":{"line":40,"column":139}},"17":{"start":{"line":40,"column":139},"end":{"line":40,"column":255}},"18":{"start":{"line":40,"column":256},"end":{"line":51,"column":10}},"19":{"start":{"line":46,"column":6},"end":{"line":48,"column":128}},"20":{"start":{"line":51,"column":10},"end":{"line":51,"column":24}},"21":{"start":{"line":51,"column":44},"end":{"line":51,"column":90}},"22":{"start":{"line":54,"column":0},"end":{"line":54,"column":6}},"23":{"start":{"line":54,"column":7},"end":{"line":54,"column":34}}},"fnMap":{"0":{"name":"(anonymous_0)","decl":{"start":{"line":40,"column":9},"end":{"line":40,"column":10}},"loc":{"start":{"line":40,"column":31},"end":{"line":51,"column":25}},"line":40},"1":{"name":"Screen","decl":{"start":{"line":40,"column":85},"end":{"line":40,"column":91}},"loc":{"start":{"line":40,"column":94},"end":{"line":40,"column":256}},"line":40},"2":{"name":"render","decl":{"start":{"line":40,"column":325},"end":{"line":40,"column":331}},"loc":{"start":{"line":45,"column":4},"end":{"line":51,"column":5}},"line":45}},"branchMap":{},"s":{"0":1,"1":1,"2":1,"3":1,"4":1,"5":1,"6":1,"7":1,"8":1,"9":1,"10":1,"11":1,"12":1,"13":1,"14":1,"15":1,"16":1,"17":1,"18":1,"19":1,"20":1,"21":1,"22":1,"23":1},"f":{"0":1,"1":1,"2":1},"b":{},"_coverageSchema":"332fd63041d2c1bcb487cc26dd0d5f7d97098a6c","hash":"a610f4b8b0e1048dd26286ff8ce7b755f770cb1d"}
,"/Users/hyochan/Documents/GitHub/talktalk-rn/src/components/screen/ProfileUpdate.js": {"path":"/Users/hyochan/Documents/GitHub/talktalk-rn/src/components/screen/ProfileUpdate.js","statementMap":{"0":{"start":{"line":1,"column":42},"end":{"line":1,"column":97}},"1":{"start":{"line":1,"column":128},"end":{"line":1,"column":184}},"2":{"start":{"line":1,"column":185},"end":{"line":1,"column":247}},"3":{"start":{"line":1,"column":247},"end":{"line":1,"column":272}},"4":{"start":{"line":1,"column":295},"end":{"line":1,"column":367}},"5":{"start":{"line":1,"column":388},"end":{"line":1,"column":457}},"6":{"start":{"line":1,"column":492},"end":{"line":1,"column":575}},"7":{"start":{"line":1,"column":599},"end":{"line":1,"column":671}},"8":{"start":{"line":1,"column":689},"end":{"line":1,"column":755}},"9":{"start":{"line":2,"column":13},"end":{"line":2,"column":54}},"10":{"start":{"line":3,"column":19},"end":{"line":3,"column":42}},"11":{"start":{"line":17,"column":14},"end":{"line":17,"column":43}},"12":{"start":{"line":17,"column":63},"end":{"line":17,"column":147}},"13":{"start":{"line":23,"column":13},"end":{"line":29,"column":33}},"14":{"start":{"line":40,"column":9},"end":{"line":51,"column":43}},"15":{"start":{"line":40,"column":32},"end":{"line":40,"column":76}},"16":{"start":{"line":40,"column":95},"end":{"line":40,"column":139}},"17":{"start":{"line":40,"column":139},"end":{"line":40,"column":255}},"18":{"start":{"line":40,"column":256},"end":{"line":51,"column":10}},"19":{"start":{"line":46,"column":6},"end":{"line":48,"column":133}},"20":{"start":{"line":51,"column":10},"end":{"line":51,"column":24}},"21":{"start":{"line":51,"column":44},"end":{"line":51,"column":90}},"22":{"start":{"line":54,"column":0},"end":{"line":54,"column":6}},"23":{"start":{"line":54,"column":7},"end":{"line":54,"column":34}}},"fnMap":{"0":{"name":"(anonymous_0)","decl":{"start":{"line":40,"column":9},"end":{"line":40,"column":10}},"loc":{"start":{"line":40,"column":31},"end":{"line":51,"column":25}},"line":40},"1":{"name":"Screen","decl":{"start":{"line":40,"column":85},"end":{"line":40,"column":91}},"loc":{"start":{"line":40,"column":94},"end":{"line":40,"column":256}},"line":40},"2":{"name":"render","decl":{"start":{"line":40,"column":325},"end":{"line":40,"column":331}},"loc":{"start":{"line":45,"column":4},"end":{"line":51,"column":5}},"line":45}},"branchMap":{},"s":{"0":1,"1":1,"2":1,"3":1,"4":1,"5":1,"6":1,"7":1,"8":1,"9":1,"10":1,"11":1,"12":1,"13":1,"14":1,"15":1,"16":1,"17":1,"18":1,"19":1,"20":1,"21":1,"22":1,"23":1},"f":{"0":1,"1":1,"2":1},"b":{},"_coverageSchema":"332fd63041d2c1bcb487cc26dd0d5f7d97098a6c","hash":"8950d03379b93e09e7ed77411e57fc32bb50d810"}
,"/Users/hyochan/Documents/GitHub/talktalk-rn/src/components/screen/SearchUser.js": {"path":"/Users/hyochan/Documents/GitHub/talktalk-rn/src/components/screen/SearchUser.js","statementMap":{"0":{"start":{"line":1,"column":42},"end":{"line":1,"column":97}},"1":{"start":{"line":1,"column":128},"end":{"line":1,"column":184}},"2":{"start":{"line":1,"column":185},"end":{"line":1,"column":247}},"3":{"start":{"line":1,"column":247},"end":{"line":1,"column":272}},"4":{"start":{"line":1,"column":295},"end":{"line":1,"column":367}},"5":{"start":{"line":1,"column":388},"end":{"line":1,"column":457}},"6":{"start":{"line":1,"column":492},"end":{"line":1,"column":575}},"7":{"start":{"line":1,"column":599},"end":{"line":1,"column":671}},"8":{"start":{"line":1,"column":689},"end":{"line":1,"column":755}},"9":{"start":{"line":2,"column":13},"end":{"line":2,"column":54}},"10":{"start":{"line":3,"column":19},"end":{"line":3,"column":42}},"11":{"start":{"line":17,"column":14},"end":{"line":17,"column":43}},"12":{"start":{"line":18,"column":28},"end":{"line":18,"column":75}},"13":{"start":{"line":18,"column":95},"end":{"line":18,"column":176}},"14":{"start":{"line":24,"column":13},"end":{"line":30,"column":33}},"15":{"start":{"line":41,"column":9},"end":{"line":62,"column":43}},"16":{"start":{"line":41,"column":32},"end":{"line":41,"column":76}},"17":{"start":{"line":41,"column":95},"end":{"line":41,"column":139}},"18":{"start":{"line":41,"column":139},"end":{"line":41,"column":255}},"19":{"start":{"line":41,"column":256},"end":{"line":62,"column":10}},"20":{"start":{"line":47,"column":6},"end":{"line":58,"column":12}},"21":{"start":{"line":51,"column":10},"end":{"line":54,"column":133}},"22":{"start":{"line":54,"column":41},"end":{"line":54,"column":73}},"23":{"start":{"line":62,"column":10},"end":{"line":62,"column":24}},"24":{"start":{"line":62,"column":44},"end":{"line":62,"column":90}},"25":{"start":{"line":65,"column":0},"end":{"line":65,"column":6}},"26":{"start":{"line":65,"column":7},"end":{"line":65,"column":34}}},"fnMap":{"0":{"name":"(anonymous_0)","decl":{"start":{"line":41,"column":9},"end":{"line":41,"column":10}},"loc":{"start":{"line":41,"column":31},"end":{"line":62,"column":25}},"line":41},"1":{"name":"Screen","decl":{"start":{"line":41,"column":85},"end":{"line":41,"column":91}},"loc":{"start":{"line":41,"column":94},"end":{"line":41,"column":256}},"line":41},"2":{"name":"render","decl":{"start":{"line":41,"column":325},"end":{"line":41,"column":331}},"loc":{"start":{"line":46,"column":4},"end":{"line":62,"column":5}},"line":46},"3":{"name":"(anonymous_3)","decl":{"start":{"line":50,"column":8},"end":{"line":50,"column":9}},"loc":{"start":{"line":50,"column":24},"end":{"line":58,"column":9}},"line":50},"4":{"name":"onPress","decl":{"start":{"line":54,"column":30},"end":{"line":54,"column":37}},"loc":{"start":{"line":54,"column":40},"end":{"line":54,"column":74}},"line":54}},"branchMap":{},"s":{"0":1,"1":1,"2":1,"3":1,"4":1,"5":1,"6":1,"7":1,"8":1,"9":1,"10":1,"11":1,"12":1,"13":1,"14":1,"15":1,"16":1,"17":1,"18":1,"19":1,"20":1,"21":0,"22":0,"23":1,"24":1,"25":1,"26":1},"f":{"0":1,"1":1,"2":1,"3":0,"4":0},"b":{},"_coverageSchema":"332fd63041d2c1bcb487cc26dd0d5f7d97098a6c","hash":"674d1b8bb23e9d6a12c9840b63f2956ff9b4a5dc"}
,"/Users/hyochan/Documents/GitHub/talktalk-rn/src/components/screen/Signup.js": {"path":"/Users/hyochan/Documents/GitHub/talktalk-rn/src/components/screen/Signup.js","statementMap":{"0":{"start":{"line":1,"column":42},"end":{"line":1,"column":97}},"1":{"start":{"line":1,"column":128},"end":{"line":1,"column":184}},"2":{"start":{"line":1,"column":185},"end":{"line":1,"column":247}},"3":{"start":{"line":1,"column":247},"end":{"line":1,"column":272}},"4":{"start":{"line":1,"column":295},"end":{"line":1,"column":367}},"5":{"start":{"line":1,"column":388},"end":{"line":1,"column":457}},"6":{"start":{"line":1,"column":492},"end":{"line":1,"column":575}},"7":{"start":{"line":1,"column":599},"end":{"line":1,"column":671}},"8":{"start":{"line":1,"column":689},"end":{"line":1,"column":755}},"9":{"start":{"line":2,"column":13},"end":{"line":2,"column":54}},"10":{"start":{"line":3,"column":19},"end":{"line":3,"column":42}},"11":{"start":{"line":18,"column":14},"end":{"line":18,"column":43}},"12":{"start":{"line":18,"column":63},"end":{"line":18,"column":140}},"13":{"start":{"line":24,"column":13},"end":{"line":30,"column":33}},"14":{"start":{"line":41,"column":9},"end":{"line":52,"column":43}},"15":{"start":{"line":41,"column":32},"end":{"line":41,"column":76}},"16":{"start":{"line":41,"column":95},"end":{"line":41,"column":139}},"17":{"start":{"line":41,"column":139},"end":{"line":41,"column":255}},"18":{"start":{"line":41,"column":256},"end":{"line":52,"column":10}},"19":{"start":{"line":47,"column":6},"end":{"line":49,"column":126}},"20":{"start":{"line":52,"column":10},"end":{"line":52,"column":24}},"21":{"start":{"line":52,"column":44},"end":{"line":52,"column":90}},"22":{"start":{"line":55,"column":0},"end":{"line":55,"column":6}},"23":{"start":{"line":55,"column":7},"end":{"line":55,"column":34}}},"fnMap":{"0":{"name":"(anonymous_0)","decl":{"start":{"line":41,"column":9},"end":{"line":41,"column":10}},"loc":{"start":{"line":41,"column":31},"end":{"line":52,"column":25}},"line":41},"1":{"name":"Screen","decl":{"start":{"line":41,"column":85},"end":{"line":41,"column":91}},"loc":{"start":{"line":41,"column":94},"end":{"line":41,"column":256}},"line":41},"2":{"name":"render","decl":{"start":{"line":41,"column":325},"end":{"line":41,"column":331}},"loc":{"start":{"line":46,"column":4},"end":{"line":52,"column":5}},"line":46}},"branchMap":{},"s":{"0":1,"1":1,"2":1,"3":1,"4":1,"5":1,"6":1,"7":1,"8":1,"9":1,"10":1,"11":1,"12":1,"13":1,"14":1,"15":1,"16":1,"17":1,"18":1,"19":1,"20":1,"21":1,"22":1,"23":1},"f":{"0":1,"1":1,"2":1},"b":{},"_coverageSchema":"332fd63041d2c1bcb487cc26dd0d5f7d97098a6c","hash":"8db56ab347df099a578d7e6ae3ccf134e294deb9"}
,"/Users/hyochan/Documents/GitHub/talktalk-rn/src/components/shared/Button.js": {"path":"/Users/hyochan/Documents/GitHub/talktalk-rn/src/components/shared/Button.js","statementMap":{"0":{"start":{"line":1,"column":42},"end":{"line":1,"column":97}},"1":{"start":{"line":1,"column":128},"end":{"line":1,"column":184}},"2":{"start":{"line":1,"column":185},"end":{"line":1,"column":247}},"3":{"start":{"line":1,"column":247},"end":{"line":1,"column":272}},"4":{"start":{"line":1,"column":295},"end":{"line":1,"column":367}},"5":{"start":{"line":1,"column":388},"end":{"line":1,"column":457}},"6":{"start":{"line":1,"column":492},"end":{"line":1,"column":575}},"7":{"start":{"line":1,"column":599},"end":{"line":1,"column":671}},"8":{"start":{"line":1,"column":689},"end":{"line":1,"column":755}},"9":{"start":{"line":2,"column":13},"end":{"line":2,"column":54}},"10":{"start":{"line":3,"column":19},"end":{"line":3,"column":42}},"11":{"start":{"line":17,"column":14},"end":{"line":17,"column":43}},"12":{"start":{"line":17,"column":63},"end":{"line":17,"column":140}},"13":{"start":{"line":26,"column":13},"end":{"line":59,"column":17}},"14":{"start":{"line":81,"column":9},"end":{"line":125,"column":43}},"15":{"start":{"line":81,"column":32},"end":{"line":81,"column":76}},"16":{"start":{"line":81,"column":95},"end":{"line":81,"column":139}},"17":{"start":{"line":81,"column":139},"end":{"line":81,"column":255}},"18":{"start":{"line":81,"column":256},"end":{"line":125,"column":10}},"19":{"start":{"line":93,"column":6},"end":{"line":99,"column":7}},"20":{"start":{"line":94,"column":8},"end":{"line":96,"column":168}},"21":{"start":{"line":100,"column":6},"end":{"line":106,"column":7}},"22":{"start":{"line":101,"column":8},"end":{"line":103,"column":181}},"23":{"start":{"line":107,"column":6},"end":{"line":121,"column":168}},"24":{"start":{"line":125,"column":10},"end":{"line":125,"column":24}},"25":{"start":{"line":125,"column":44},"end":{"line":125,"column":223}},"26":{"start":{"line":128,"column":0},"end":{"line":128,"column":6}},"27":{"start":{"line":128,"column":7},"end":{"line":128,"column":34}}},"fnMap":{"0":{"name":"(anonymous_0)","decl":{"start":{"line":81,"column":9},"end":{"line":81,"column":10}},"loc":{"start":{"line":81,"column":31},"end":{"line":125,"column":25}},"line":81},"1":{"name":"Button","decl":{"start":{"line":81,"column":85},"end":{"line":81,"column":91}},"loc":{"start":{"line":81,"column":94},"end":{"line":81,"column":256}},"line":81},"2":{"name":"render","decl":{"start":{"line":81,"column":325},"end":{"line":81,"column":331}},"loc":{"start":{"line":92,"column":4},"end":{"line":125,"column":5}},"line":92}},"branchMap":{"0":{"loc":{"start":{"line":93,"column":6},"end":{"line":99,"column":7}},"type":"if","locations":[{"start":{"line":93,"column":6},"end":{"line":99,"column":7}},{"start":{"line":93,"column":6},"end":{"line":99,"column":7}}],"line":93},"1":{"loc":{"start":{"line":100,"column":6},"end":{"line":106,"column":7}},"type":"if","locations":[{"start":{"line":100,"column":6},"end":{"line":106,"column":7}},{"start":{"line":100,"column":6},"end":{"line":106,"column":7}}],"line":100},"2":{"loc":{"start":{"line":114,"column":8},"end":{"line":119,"column":12}},"type":"cond-expr","locations":[{"start":{"line":115,"column":8},"end":{"line":117,"column":97}},{"start":{"line":119,"column":8},"end":{"line":119,"column":12}}],"line":114}},"s":{"0":1,"1":1,"2":1,"3":1,"4":1,"5":1,"6":1,"7":1,"8":1,"9":1,"10":1,"11":1,"12":1,"13":1,"14":1,"15":1,"16":2,"17":2,"18":1,"19":4,"20":0,"21":4,"22":0,"23":4,"24":1,"25":1,"26":1,"27":1},"f":{"0":1,"1":2,"2":4},"b":{"0":[0,4],"1":[0,4],"2":[0,4]},"_coverageSchema":"332fd63041d2c1bcb487cc26dd0d5f7d97098a6c","hash":"5b745222df719af158044d44856207ee5f177ec6"}
,"/Users/hyochan/Documents/GitHub/talktalk-rn/src/components/shared/ChatListItem.js": {"path":"/Users/hyochan/Documents/GitHub/talktalk-rn/src/components/shared/ChatListItem.js","statementMap":{"0":{"start":{"line":1,"column":42},"end":{"line":1,"column":97}},"1":{"start":{"line":1,"column":128},"end":{"line":1,"column":184}},"2":{"start":{"line":1,"column":185},"end":{"line":1,"column":247}},"3":{"start":{"line":1,"column":247},"end":{"line":1,"column":272}},"4":{"start":{"line":1,"column":295},"end":{"line":1,"column":367}},"5":{"start":{"line":1,"column":388},"end":{"line":1,"column":457}},"6":{"start":{"line":1,"column":492},"end":{"line":1,"column":575}},"7":{"start":{"line":1,"column":599},"end":{"line":1,"column":671}},"8":{"start":{"line":1,"column":689},"end":{"line":1,"column":755}},"9":{"start":{"line":2,"column":13},"end":{"line":2,"column":54}},"10":{"start":{"line":3,"column":19},"end":{"line":3,"column":42}},"11":{"start":{"line":17,"column":14},"end":{"line":17,"column":43}},"12":{"start":{"line":17,"column":63},"end":{"line":17,"column":146}},"13":{"start":{"line":23,"column":13},"end":{"line":28,"column":33}},"14":{"start":{"line":40,"column":9},"end":{"line":51,"column":43}},"15":{"start":{"line":40,"column":32},"end":{"line":40,"column":76}},"16":{"start":{"line":40,"column":95},"end":{"line":40,"column":139}},"17":{"start":{"line":40,"column":139},"end":{"line":40,"column":255}},"18":{"start":{"line":40,"column":256},"end":{"line":51,"column":10}},"19":{"start":{"line":46,"column":6},"end":{"line":48,"column":126}},"20":{"start":{"line":51,"column":10},"end":{"line":51,"column":24}},"21":{"start":{"line":51,"column":44},"end":{"line":51,"column":92}},"22":{"start":{"line":54,"column":0},"end":{"line":54,"column":6}},"23":{"start":{"line":54,"column":7},"end":{"line":54,"column":34}}},"fnMap":{"0":{"name":"(anonymous_0)","decl":{"start":{"line":40,"column":9},"end":{"line":40,"column":10}},"loc":{"start":{"line":40,"column":31},"end":{"line":51,"column":25}},"line":40},"1":{"name":"Shared","decl":{"start":{"line":40,"column":85},"end":{"line":40,"column":91}},"loc":{"start":{"line":40,"column":94},"end":{"line":40,"column":256}},"line":40},"2":{"name":"render","decl":{"start":{"line":40,"column":325},"end":{"line":40,"column":331}},"loc":{"start":{"line":45,"column":4},"end":{"line":51,"column":5}},"line":45}},"branchMap":{},"s":{"0":1,"1":1,"2":1,"3":1,"4":1,"5":1,"6":1,"7":1,"8":1,"9":1,"10":1,"11":1,"12":1,"13":1,"14":1,"15":1,"16":1,"17":1,"18":1,"19":1,"20":1,"21":1,"22":1,"23":1},"f":{"0":1,"1":1,"2":1},"b":{},"_coverageSchema":"332fd63041d2c1bcb487cc26dd0d5f7d97098a6c","hash":"3dff14ebcaf5a7a5deadf77733c417d8fb6b60b0"}
,"/Users/hyochan/Documents/GitHub/talktalk-rn/src/components/shared/ChatroomListItem.js": {"path":"/Users/hyochan/Documents/GitHub/talktalk-rn/src/components/shared/ChatroomListItem.js","statementMap":{"0":{"start":{"line":1,"column":42},"end":{"line":1,"column":97}},"1":{"start":{"line":1,"column":128},"end":{"line":1,"column":184}},"2":{"start":{"line":1,"column":185},"end":{"line":1,"column":247}},"3":{"start":{"line":1,"column":247},"end":{"line":1,"column":272}},"4":{"start":{"line":1,"column":295},"end":{"line":1,"column":367}},"5":{"start":{"line":1,"column":388},"end":{"line":1,"column":457}},"6":{"start":{"line":1,"column":492},"end":{"line":1,"column":575}},"7":{"start":{"line":1,"column":599},"end":{"line":1,"column":671}},"8":{"start":{"line":1,"column":689},"end":{"line":1,"column":755}},"9":{"start":{"line":2,"column":13},"end":{"line":2,"column":54}},"10":{"start":{"line":3,"column":19},"end":{"line":3,"column":42}},"11":{"start":{"line":17,"column":14},"end":{"line":17,"column":43}},"12":{"start":{"line":17,"column":63},"end":{"line":17,"column":150}},"13":{"start":{"line":19,"column":13},"end":{"line":24,"column":33}},"14":{"start":{"line":36,"column":9},"end":{"line":47,"column":43}},"15":{"start":{"line":36,"column":32},"end":{"line":36,"column":76}},"16":{"start":{"line":36,"column":95},"end":{"line":36,"column":139}},"17":{"start":{"line":36,"column":139},"end":{"line":36,"column":255}},"18":{"start":{"line":36,"column":256},"end":{"line":47,"column":10}},"19":{"start":{"line":42,"column":6},"end":{"line":44,"column":126}},"20":{"start":{"line":47,"column":10},"end":{"line":47,"column":24}},"21":{"start":{"line":47,"column":44},"end":{"line":47,"column":92}},"22":{"start":{"line":50,"column":0},"end":{"line":50,"column":6}},"23":{"start":{"line":50,"column":7},"end":{"line":50,"column":34}}},"fnMap":{"0":{"name":"(anonymous_0)","decl":{"start":{"line":36,"column":9},"end":{"line":36,"column":10}},"loc":{"start":{"line":36,"column":31},"end":{"line":47,"column":25}},"line":36},"1":{"name":"Shared","decl":{"start":{"line":36,"column":85},"end":{"line":36,"column":91}},"loc":{"start":{"line":36,"column":94},"end":{"line":36,"column":256}},"line":36},"2":{"name":"render","decl":{"start":{"line":36,"column":325},"end":{"line":36,"column":331}},"loc":{"start":{"line":41,"column":4},"end":{"line":47,"column":5}},"line":41}},"branchMap":{},"s":{"0":1,"1":1,"2":1,"3":1,"4":1,"5":1,"6":1,"7":1,"8":1,"9":1,"10":1,"11":1,"12":1,"13":1,"14":1,"15":1,"16":1,"17":1,"18":1,"19":1,"20":1,"21":1,"22":1,"23":1},"f":{"0":1,"1":1,"2":1},"b":{},"_coverageSchema":"332fd63041d2c1bcb487cc26dd0d5f7d97098a6c","hash":"2feca16a861e4adf2019f448ece932b4b5476b37"}
,"/Users/hyochan/Documents/GitHub/talktalk-rn/src/components/shared/EmptyListItem.js": {"path":"/Users/hyochan/Documents/GitHub/talktalk-rn/src/components/shared/EmptyListItem.js","statementMap":{"0":{"start":{"line":1,"column":42},"end":{"line":1,"column":97}},"1":{"start":{"line":1,"column":128},"end":{"line":1,"column":184}},"2":{"start":{"line":1,"column":185},"end":{"line":1,"column":247}},"3":{"start":{"line":1,"column":247},"end":{"line":1,"column":272}},"4":{"start":{"line":1,"column":295},"end":{"line":1,"column":367}},"5":{"start":{"line":1,"column":388},"end":{"line":1,"column":457}},"6":{"start":{"line":1,"column":492},"end":{"line":1,"column":575}},"7":{"start":{"line":1,"column":599},"end":{"line":1,"column":671}},"8":{"start":{"line":1,"column":689},"end":{"line":1,"column":755}},"9":{"start":{"line":2,"column":13},"end":{"line":2,"column":54}},"10":{"start":{"line":3,"column":19},"end":{"line":3,"column":42}},"11":{"start":{"line":17,"column":14},"end":{"line":17,"column":43}},"12":{"start":{"line":17,"column":63},"end":{"line":17,"column":147}},"13":{"start":{"line":23,"column":13},"end":{"line":27,"column":33}},"14":{"start":{"line":39,"column":9},"end":{"line":50,"column":43}},"15":{"start":{"line":39,"column":32},"end":{"line":39,"column":76}},"16":{"start":{"line":39,"column":95},"end":{"line":39,"column":139}},"17":{"start":{"line":39,"column":139},"end":{"line":39,"column":255}},"18":{"start":{"line":39,"column":256},"end":{"line":50,"column":10}},"19":{"start":{"line":45,"column":6},"end":{"line":47,"column":126}},"20":{"start":{"line":50,"column":10},"end":{"line":50,"column":24}},"21":{"start":{"line":50,"column":44},"end":{"line":50,"column":92}},"22":{"start":{"line":53,"column":0},"end":{"line":53,"column":6}},"23":{"start":{"line":53,"column":7},"end":{"line":53,"column":34}}},"fnMap":{"0":{"name":"(anonymous_0)","decl":{"start":{"line":39,"column":9},"end":{"line":39,"column":10}},"loc":{"start":{"line":39,"column":31},"end":{"line":50,"column":25}},"line":39},"1":{"name":"Shared","decl":{"start":{"line":39,"column":85},"end":{"line":39,"column":91}},"loc":{"start":{"line":39,"column":94},"end":{"line":39,"column":256}},"line":39},"2":{"name":"render","decl":{"start":{"line":39,"column":325},"end":{"line":39,"column":331}},"loc":{"start":{"line":44,"column":4},"end":{"line":50,"column":5}},"line":44}},"branchMap":{},"s":{"0":1,"1":1,"2":1,"3":1,"4":1,"5":1,"6":1,"7":1,"8":1,"9":1,"10":1,"11":1,"12":1,"13":1,"14":1,"15":1,"16":1,"17":1,"18":1,"19":1,"20":1,"21":1,"22":1,"23":1},"f":{"0":1,"1":1,"2":1},"b":{},"_coverageSchema":"332fd63041d2c1bcb487cc26dd0d5f7d97098a6c","hash":"d619097930304122ff887fc0c60b2b0d46010850"}
,"/Users/hyochan/Documents/GitHub/talktalk-rn/src/components/shared/ProfileModal.js": {"path":"/Users/hyochan/Documents/GitHub/talktalk-rn/src/components/shared/ProfileModal.js","statementMap":{"0":{"start":{"line":1,"column":42},"end":{"line":1,"column":97}},"1":{"start":{"line":1,"column":128},"end":{"line":1,"column":184}},"2":{"start":{"line":1,"column":185},"end":{"line":1,"column":247}},"3":{"start":{"line":1,"column":247},"end":{"line":1,"column":272}},"4":{"start":{"line":1,"column":295},"end":{"line":1,"column":367}},"5":{"start":{"line":1,"column":388},"end":{"line":1,"column":457}},"6":{"start":{"line":1,"column":492},"end":{"line":1,"column":575}},"7":{"start":{"line":1,"column":599},"end":{"line":1,"column":671}},"8":{"start":{"line":1,"column":689},"end":{"line":1,"column":755}},"9":{"start":{"line":1,"column":789},"end":{"line":1,"column":852}},"10":{"start":{"line":2,"column":13},"end":{"line":2,"column":54}},"11":{"start":{"line":3,"column":19},"end":{"line":3,"column":42}},"12":{"start":{"line":15,"column":27},"end":{"line":15,"column":83}},"13":{"start":{"line":17,"column":13},"end":{"line":17,"column":41}},"14":{"start":{"line":18,"column":14},"end":{"line":18,"column":43}},"15":{"start":{"line":19,"column":15},"end":{"line":19,"column":42}},"16":{"start":{"line":19,"column":62},"end":{"line":19,"column":145}},"17":{"start":{"line":36,"column":13},"end":{"line":108,"column":19}},"18":{"start":{"line":131,"column":9},"end":{"line":241,"column":3448}},"19":{"start":{"line":131,"column":32},"end":{"line":131,"column":76}},"20":{"start":{"line":138,"column":36},"end":{"line":138,"column":80}},"21":{"start":{"line":139,"column":4},"end":{"line":139,"column":116}},"22":{"start":{"line":139,"column":116},"end":{"line":215,"column":6}},"23":{"start":{"line":214,"column":6},"end":{"line":214,"column":29}},"24":{"start":{"line":215,"column":6},"end":{"line":224,"column":6}},"25":{"start":{"line":218,"column":6},"end":{"line":223,"column":9}},"26":{"start":{"line":222,"column":8},"end":{"line":222,"column":27}},"27":{"start":{"line":224,"column":6},"end":{"line":228,"column":6}},"28":{"start":{"line":227,"column":6},"end":{"line":227,"column":26}},"29":{"start":{"line":228,"column":6},"end":{"line":232,"column":6}},"30":{"start":{"line":231,"column":6},"end":{"line":231,"column":43}},"31":{"start":{"line":232,"column":6},"end":{"line":236,"column":6}},"32":{"start":{"line":235,"column":6},"end":{"line":235,"column":31}},"33":{"start":{"line":236,"column":6},"end":{"line":241,"column":6}},"34":{"start":{"line":239,"column":6},"end":{"line":239,"column":34}},"35":{"start":{"line":240,"column":6},"end":{"line":240,"column":26}},"36":{"start":{"line":241,"column":6},"end":{"line":241,"column":170}},"37":{"start":{"line":241,"column":170},"end":{"line":241,"column":183}},"38":{"start":{"line":241,"column":184},"end":{"line":241,"column":3415}},"39":{"start":{"line":241,"column":276},"end":{"line":241,"column":280}},"40":{"start":{"line":241,"column":281},"end":{"line":241,"column":3409}},"41":{"start":{"line":241,"column":371},"end":{"line":241,"column":395}},"42":{"start":{"line":241,"column":3415},"end":{"line":241,"column":3429}},"43":{"start":{"line":241,"column":3449},"end":{"line":241,"column":3497}},"44":{"start":{"line":244,"column":0},"end":{"line":244,"column":6}},"45":{"start":{"line":244,"column":7},"end":{"line":244,"column":34}}},"fnMap":{"0":{"name":"(anonymous_0)","decl":{"start":{"line":131,"column":9},"end":{"line":131,"column":10}},"loc":{"start":{"line":131,"column":31},"end":{"line":241,"column":3430}},"line":131},"1":{"name":"Shared","decl":{"start":{"line":138,"column":11},"end":{"line":138,"column":17}},"loc":{"start":{"line":138,"column":25},"end":{"line":241,"column":184}},"line":138},"2":{"name":"(anonymous_2)","decl":{"start":{"line":213,"column":14},"end":{"line":213,"column":15}},"loc":{"start":{"line":213,"column":30},"end":{"line":215,"column":5}},"line":213},"3":{"name":"(anonymous_3)","decl":{"start":{"line":217,"column":11},"end":{"line":217,"column":12}},"loc":{"start":{"line":217,"column":23},"end":{"line":224,"column":5}},"line":217},"4":{"name":"(anonymous_4)","decl":{"start":{"line":221,"column":6},"end":{"line":221,"column":7}},"loc":{"start":{"line":221,"column":18},"end":{"line":223,"column":7}},"line":221},"5":{"name":"(anonymous_5)","decl":{"start":{"line":226,"column":12},"end":{"line":226,"column":13}},"loc":{"start":{"line":226,"column":24},"end":{"line":228,"column":5}},"line":226},"6":{"name":"(anonymous_6)","decl":{"start":{"line":230,"column":17},"end":{"line":230,"column":18}},"loc":{"start":{"line":230,"column":33},"end":{"line":232,"column":5}},"line":230},"7":{"name":"(anonymous_7)","decl":{"start":{"line":234,"column":16},"end":{"line":234,"column":17}},"loc":{"start":{"line":234,"column":28},"end":{"line":236,"column":5}},"line":234},"8":{"name":"(anonymous_8)","decl":{"start":{"line":238,"column":19},"end":{"line":238,"column":20}},"loc":{"start":{"line":238,"column":31},"end":{"line":241,"column":5}},"line":238},"9":{"name":"render","decl":{"start":{"line":241,"column":253},"end":{"line":241,"column":259}},"loc":{"start":{"line":241,"column":262},"end":{"line":241,"column":3410}},"line":241},"10":{"name":"ref","decl":{"start":{"line":241,"column":363},"end":{"line":241,"column":366}},"loc":{"start":{"line":241,"column":370},"end":{"line":241,"column":396}},"line":241}},"branchMap":{"0":{"loc":{"start":{"line":241,"column":1155},"end":{"line":241,"column":1213}},"type":"cond-expr","locations":[{"start":{"line":241,"column":1177},"end":{"line":241,"column":1196}},{"start":{"line":241,"column":1199},"end":{"line":241,"column":1213}}],"line":241},"1":{"loc":{"start":{"line":241,"column":1605},"end":{"line":241,"column":2045}},"type":"cond-expr","locations":[{"start":{"line":241,"column":1632},"end":{"line":241,"column":1809}},{"start":{"line":241,"column":1812},"end":{"line":241,"column":2045}}],"line":241},"2":{"loc":{"start":{"line":241,"column":1812},"end":{"line":241,"column":2045}},"type":"cond-expr","locations":[{"start":{"line":241,"column":1846},"end":{"line":241,"column":2038}},{"start":{"line":241,"column":2041},"end":{"line":241,"column":2045}}],"line":241},"3":{"loc":{"start":{"line":241,"column":2269},"end":{"line":241,"column":2327}},"type":"cond-expr","locations":[{"start":{"line":241,"column":2293},"end":{"line":241,"column":2307}},{"start":{"line":241,"column":2310},"end":{"line":241,"column":2327}}],"line":241},"4":{"loc":{"start":{"line":241,"column":2668},"end":{"line":241,"column":2772}},"type":"cond-expr","locations":[{"start":{"line":241,"column":2692},"end":{"line":241,"column":2729}},{"start":{"line":241,"column":2732},"end":{"line":241,"column":2772}}],"line":241}},"s":{"0":3,"1":3,"2":3,"3":3,"4":3,"5":3,"6":3,"7":3,"8":3,"9":3,"10":3,"11":3,"12":3,"13":3,"14":3,"15":3,"16":3,"17":3,"18":3,"19":3,"20":1,"21":1,"22":1,"23":0,"24":1,"25":0,"26":0,"27":1,"28":0,"29":1,"30":0,"31":1,"32":0,"33":1,"34":0,"35":0,"36":1,"37":1,"38":3,"39":1,"40":1,"41":0,"42":3,"43":3,"44":3,"45":3},"f":{"0":3,"1":1,"2":0,"3":0,"4":0,"5":0,"6":0,"7":0,"8":0,"9":1,"10":0},"b":{"0":[0,1],"1":[0,1],"2":[0,1],"3":[1,0],"4":[1,0]},"_coverageSchema":"332fd63041d2c1bcb487cc26dd0d5f7d97098a6c","hash":"0b90d2488082d191bec7950757fc28f6f8b097d7"}
,"/Users/hyochan/Documents/GitHub/talktalk-rn/src/components/shared/StatusBar.js": {"path":"/Users/hyochan/Documents/GitHub/talktalk-rn/src/components/shared/StatusBar.js","statementMap":{"0":{"start":{"line":1,"column":42},"end":{"line":1,"column":97}},"1":{"start":{"line":1,"column":128},"end":{"line":1,"column":184}},"2":{"start":{"line":1,"column":185},"end":{"line":1,"column":247}},"3":{"start":{"line":1,"column":247},"end":{"line":1,"column":272}},"4":{"start":{"line":1,"column":295},"end":{"line":1,"column":367}},"5":{"start":{"line":1,"column":388},"end":{"line":1,"column":457}},"6":{"start":{"line":1,"column":492},"end":{"line":1,"column":575}},"7":{"start":{"line":1,"column":599},"end":{"line":1,"column":671}},"8":{"start":{"line":1,"column":689},"end":{"line":1,"column":755}},"9":{"start":{"line":2,"column":13},"end":{"line":2,"column":54}},"10":{"start":{"line":3,"column":19},"end":{"line":3,"column":42}},"11":{"start":{"line":17,"column":14},"end":{"line":17,"column":43}},"12":{"start":{"line":17,"column":63},"end":{"line":17,"column":143}},"13":{"start":{"line":23,"column":13},"end":{"line":27,"column":33}},"14":{"start":{"line":39,"column":9},"end":{"line":50,"column":43}},"15":{"start":{"line":39,"column":32},"end":{"line":39,"column":76}},"16":{"start":{"line":39,"column":95},"end":{"line":39,"column":139}},"17":{"start":{"line":39,"column":139},"end":{"line":39,"column":255}},"18":{"start":{"line":39,"column":256},"end":{"line":50,"column":10}},"19":{"start":{"line":45,"column":6},"end":{"line":47,"column":126}},"20":{"start":{"line":50,"column":10},"end":{"line":50,"column":24}},"21":{"start":{"line":50,"column":44},"end":{"line":50,"column":92}},"22":{"start":{"line":53,"column":0},"end":{"line":53,"column":6}},"23":{"start":{"line":53,"column":7},"end":{"line":53,"column":34}}},"fnMap":{"0":{"name":"(anonymous_0)","decl":{"start":{"line":39,"column":9},"end":{"line":39,"column":10}},"loc":{"start":{"line":39,"column":31},"end":{"line":50,"column":25}},"line":39},"1":{"name":"Shared","decl":{"start":{"line":39,"column":85},"end":{"line":39,"column":91}},"loc":{"start":{"line":39,"column":94},"end":{"line":39,"column":256}},"line":39},"2":{"name":"render","decl":{"start":{"line":39,"column":325},"end":{"line":39,"column":331}},"loc":{"start":{"line":44,"column":4},"end":{"line":50,"column":5}},"line":44}},"branchMap":{},"s":{"0":1,"1":1,"2":1,"3":1,"4":1,"5":1,"6":1,"7":1,"8":1,"9":1,"10":1,"11":1,"12":1,"13":1,"14":1,"15":1,"16":1,"17":1,"18":1,"19":1,"20":1,"21":1,"22":1,"23":1},"f":{"0":1,"1":1,"2":1},"b":{},"_coverageSchema":"332fd63041d2c1bcb487cc26dd0d5f7d97098a6c","hash":"e50920a33bbe77a89323cf55b04ae22ada9ca0b0"}
,"/Users/hyochan/Documents/GitHub/talktalk-rn/src/components/shared/TextInput.js": {"path":"/Users/hyochan/Documents/GitHub/talktalk-rn/src/components/shared/TextInput.js","statementMap":{"0":{"start":{"line":1,"column":42},"end":{"line":1,"column":97}},"1":{"start":{"line":1,"column":128},"end":{"line":1,"column":184}},"2":{"start":{"line":1,"column":185},"end":{"line":1,"column":247}},"3":{"start":{"line":1,"column":247},"end":{"line":1,"column":272}},"4":{"start":{"line":1,"column":295},"end":{"line":1,"column":367}},"5":{"start":{"line":1,"column":388},"end":{"line":1,"column":457}},"6":{"start":{"line":1,"column":492},"end":{"line":1,"column":575}},"7":{"start":{"line":1,"column":599},"end":{"line":1,"column":671}},"8":{"start":{"line":1,"column":689},"end":{"line":1,"column":755}},"9":{"start":{"line":2,"column":13},"end":{"line":2,"column":54}},"10":{"start":{"line":3,"column":19},"end":{"line":3,"column":42}},"11":{"start":{"line":17,"column":14},"end":{"line":17,"column":43}},"12":{"start":{"line":17,"column":63},"end":{"line":17,"column":143}},"13":{"start":{"line":23,"column":13},"end":{"line":27,"column":33}},"14":{"start":{"line":39,"column":9},"end":{"line":50,"column":43}},"15":{"start":{"line":39,"column":32},"end":{"line":39,"column":76}},"16":{"start":{"line":39,"column":95},"end":{"line":39,"column":139}},"17":{"start":{"line":39,"column":139},"end":{"line":39,"column":255}},"18":{"start":{"line":39,"column":256},"end":{"line":50,"column":10}},"19":{"start":{"line":45,"column":6},"end":{"line":47,"column":126}},"20":{"start":{"line":50,"column":10},"end":{"line":50,"column":24}},"21":{"start":{"line":50,"column":44},"end":{"line":50,"column":92}},"22":{"start":{"line":53,"column":0},"end":{"line":53,"column":6}},"23":{"start":{"line":53,"column":7},"end":{"line":53,"column":34}}},"fnMap":{"0":{"name":"(anonymous_0)","decl":{"start":{"line":39,"column":9},"end":{"line":39,"column":10}},"loc":{"start":{"line":39,"column":31},"end":{"line":50,"column":25}},"line":39},"1":{"name":"Shared","decl":{"start":{"line":39,"column":85},"end":{"line":39,"column":91}},"loc":{"start":{"line":39,"column":94},"end":{"line":39,"column":256}},"line":39},"2":{"name":"render","decl":{"start":{"line":39,"column":325},"end":{"line":39,"column":331}},"loc":{"start":{"line":44,"column":4},"end":{"line":50,"column":5}},"line":44}},"branchMap":{},"s":{"0":1,"1":1,"2":1,"3":1,"4":1,"5":1,"6":1,"7":1,"8":1,"9":1,"10":1,"11":1,"12":1,"13":1,"14":1,"15":1,"16":1,"17":1,"18":1,"19":1,"20":1,"21":1,"22":1,"23":1},"f":{"0":1,"1":1,"2":1},"b":{},"_coverageSchema":"332fd63041d2c1bcb487cc26dd0d5f7d97098a6c","hash":"c88360ad006af2e46030b0334d01746ad4136bfb"}
,"/Users/hyochan/Documents/GitHub/talktalk-rn/src/components/shared/UserListItem.js": {"path":"/Users/hyochan/Documents/GitHub/talktalk-rn/src/components/shared/UserListItem.js","statementMap":{"0":{"start":{"line":1,"column":42},"end":{"line":1,"column":97}},"1":{"start":{"line":1,"column":128},"end":{"line":1,"column":184}},"2":{"start":{"line":1,"column":185},"end":{"line":1,"column":247}},"3":{"start":{"line":1,"column":247},"end":{"line":1,"column":272}},"4":{"start":{"line":1,"column":295},"end":{"line":1,"column":367}},"5":{"start":{"line":1,"column":388},"end":{"line":1,"column":457}},"6":{"start":{"line":1,"column":492},"end":{"line":1,"column":575}},"7":{"start":{"line":1,"column":599},"end":{"line":1,"column":671}},"8":{"start":{"line":1,"column":689},"end":{"line":1,"column":755}},"9":{"start":{"line":2,"column":13},"end":{"line":2,"column":54}},"10":{"start":{"line":3,"column":19},"end":{"line":3,"column":42}},"11":{"start":{"line":17,"column":14},"end":{"line":17,"column":43}},"12":{"start":{"line":17,"column":63},"end":{"line":17,"column":146}},"13":{"start":{"line":23,"column":13},"end":{"line":27,"column":33}},"14":{"start":{"line":39,"column":9},"end":{"line":50,"column":43}},"15":{"start":{"line":39,"column":32},"end":{"line":39,"column":76}},"16":{"start":{"line":39,"column":95},"end":{"line":39,"column":139}},"17":{"start":{"line":39,"column":139},"end":{"line":39,"column":255}},"18":{"start":{"line":39,"column":256},"end":{"line":50,"column":10}},"19":{"start":{"line":45,"column":6},"end":{"line":47,"column":126}},"20":{"start":{"line":50,"column":10},"end":{"line":50,"column":24}},"21":{"start":{"line":50,"column":44},"end":{"line":50,"column":92}},"22":{"start":{"line":53,"column":0},"end":{"line":53,"column":6}},"23":{"start":{"line":53,"column":7},"end":{"line":53,"column":34}}},"fnMap":{"0":{"name":"(anonymous_0)","decl":{"start":{"line":39,"column":9},"end":{"line":39,"column":10}},"loc":{"start":{"line":39,"column":31},"end":{"line":50,"column":25}},"line":39},"1":{"name":"Shared","decl":{"start":{"line":39,"column":85},"end":{"line":39,"column":91}},"loc":{"start":{"line":39,"column":94},"end":{"line":39,"column":256}},"line":39},"2":{"name":"render","decl":{"start":{"line":39,"column":325},"end":{"line":39,"column":331}},"loc":{"start":{"line":44,"column":4},"end":{"line":50,"column":5}},"line":44}},"branchMap":{},"s":{"0":1,"1":1,"2":1,"3":1,"4":1,"5":1,"6":1,"7":1,"8":1,"9":1,"10":1,"11":1,"12":1,"13":1,"14":1,"15":1,"16":1,"17":1,"18":1,"19":1,"20":1,"21":1,"22":1,"23":1},"f":{"0":1,"1":1,"2":1},"b":{},"_coverageSchema":"332fd63041d2c1bcb487cc26dd0d5f7d97098a6c","hash":"dee4d46b7f820e0eefa7c280a72c21ac7ae440e3"}
,"/Users/hyochan/Documents/GitHub/talktalk-rn/src/providers/ProfileModalProvider.js": {"path":"/Users/hyochan/Documents/GitHub/talktalk-rn/src/providers/ProfileModalProvider.js","statementMap":{"0":{"start":{"line":1,"column":42},"end":{"line":1,"column":97}},"1":{"start":{"line":1,"column":128},"end":{"line":1,"column":184}},"2":{"start":{"line":1,"column":185},"end":{"line":1,"column":247}},"3":{"start":{"line":1,"column":247},"end":{"line":1,"column":316}},"4":{"start":{"line":1,"column":339},"end":{"line":1,"column":411}},"5":{"start":{"line":1,"column":432},"end":{"line":1,"column":501}},"6":{"start":{"line":1,"column":536},"end":{"line":1,"column":619}},"7":{"start":{"line":1,"column":643},"end":{"line":1,"column":715}},"8":{"start":{"line":1,"column":733},"end":{"line":1,"column":799}},"9":{"start":{"line":1,"column":813},"end":{"line":1,"column":854}},"10":{"start":{"line":2,"column":19},"end":{"line":2,"column":42}},"11":{"start":{"line":3,"column":20},"end":{"line":3,"column":88}},"12":{"start":{"line":3,"column":108},"end":{"line":3,"column":191}},"13":{"start":{"line":5,"column":26},"end":{"line":5,"column":53}},"14":{"start":{"line":7,"column":27},"end":{"line":7,"column":55}},"15":{"start":{"line":7,"column":56},"end":{"line":7,"column":108}},"16":{"start":{"line":9,"column":23},"end":{"line":54,"column":65}},"17":{"start":{"line":9,"column":52},"end":{"line":9,"column":116}},"18":{"start":{"line":9,"column":180},"end":{"line":9,"column":238}},"19":{"start":{"line":9,"column":238},"end":{"line":9,"column":358}},"20":{"start":{"line":9,"column":328},"end":{"line":9,"column":357}},"21":{"start":{"line":9,"column":358},"end":{"line":9,"column":537}},"22":{"start":{"line":9,"column":537},"end":{"line":13,"column":19}},"23":{"start":{"line":13,"column":19},"end":{"line":36,"column":10}},"24":{"start":{"line":18,"column":8},"end":{"line":18,"column":35}},"25":{"start":{"line":19,"column":8},"end":{"line":19,"column":24}},"26":{"start":{"line":22,"column":8},"end":{"line":22,"column":33}},"27":{"start":{"line":23,"column":8},"end":{"line":29,"column":11}},"28":{"start":{"line":24,"column":10},"end":{"line":28,"column":11}},"29":{"start":{"line":25,"column":12},"end":{"line":25,"column":37}},"30":{"start":{"line":26,"column":12},"end":{"line":26,"column":41}},"31":{"start":{"line":27,"column":12},"end":{"line":27,"column":31}},"32":{"start":{"line":32,"column":8},"end":{"line":34,"column":9}},"33":{"start":{"line":33,"column":10},"end":{"line":33,"column":30}},"34":{"start":{"line":35,"column":8},"end":{"line":35,"column":36}},"35":{"start":{"line":36,"column":10},"end":{"line":36,"column":23}},"36":{"start":{"line":36,"column":24},"end":{"line":54,"column":10}},"37":{"start":{"line":39,"column":18},"end":{"line":39,"column":22}},"38":{"start":{"line":40,"column":14},"end":{"line":40,"column":24}},"39":{"start":{"line":40,"column":35},"end":{"line":40,"column":47}},"40":{"start":{"line":40,"column":56},"end":{"line":40,"column":66}},"41":{"start":{"line":41,"column":18},"end":{"line":41,"column":66}},"42":{"start":{"line":42,"column":6},"end":{"line":50,"column":173}},"43":{"start":{"line":47,"column":12},"end":{"line":47,"column":32}},"44":{"start":{"line":48,"column":12},"end":{"line":48,"column":29}},"45":{"start":{"line":50,"column":51},"end":{"line":50,"column":112}},"46":{"start":{"line":54,"column":10},"end":{"line":54,"column":38}},"47":{"start":{"line":54,"column":66},"end":{"line":54,"column":118}}},"fnMap":{"0":{"name":"(anonymous_0)","decl":{"start":{"line":9,"column":23},"end":{"line":9,"column":24}},"loc":{"start":{"line":9,"column":51},"end":{"line":54,"column":39}},"line":9},"1":{"name":"ProfileModalProvider","decl":{"start":{"line":9,"column":125},"end":{"line":9,"column":145}},"loc":{"start":{"line":9,"column":148},"end":{"line":36,"column":24}},"line":9},"2":{"name":"setModal","decl":{"start":{"line":17,"column":25},"end":{"line":17,"column":33}},"loc":{"start":{"line":17,"column":37},"end":{"line":20,"column":7}},"line":17},"3":{"name":"showModal","decl":{"start":{"line":21,"column":26},"end":{"line":21,"column":35}},"loc":{"start":{"line":21,"column":42},"end":{"line":30,"column":7}},"line":21},"4":{"name":"(anonymous_4)","decl":{"start":{"line":23,"column":39},"end":{"line":23,"column":40}},"loc":{"start":{"line":23,"column":51},"end":{"line":29,"column":9}},"line":23},"5":{"name":"onChatPressed","decl":{"start":{"line":31,"column":30},"end":{"line":31,"column":43}},"loc":{"start":{"line":31,"column":56},"end":{"line":36,"column":7}},"line":31},"6":{"name":"render","decl":{"start":{"line":36,"column":107},"end":{"line":36,"column":113}},"loc":{"start":{"line":39,"column":4},"end":{"line":54,"column":5}},"line":39},"7":{"name":"ref","decl":{"start":{"line":46,"column":24},"end":{"line":46,"column":27}},"loc":{"start":{"line":46,"column":31},"end":{"line":49,"column":11}},"line":46},"8":{"name":"onChatPressed","decl":{"start":{"line":50,"column":34},"end":{"line":50,"column":47}},"loc":{"start":{"line":50,"column":50},"end":{"line":50,"column":113}},"line":50}},"branchMap":{"0":{"loc":{"start":{"line":24,"column":10},"end":{"line":28,"column":11}},"type":"if","locations":[{"start":{"line":24,"column":10},"end":{"line":28,"column":11}},{"start":{"line":24,"column":10},"end":{"line":28,"column":11}}],"line":24},"1":{"loc":{"start":{"line":32,"column":8},"end":{"line":34,"column":9}},"type":"if","locations":[{"start":{"line":32,"column":8},"end":{"line":34,"column":9}},{"start":{"line":32,"column":8},"end":{"line":34,"column":9}}],"line":32}},"s":{"0":2,"1":2,"2":2,"3":2,"4":2,"5":2,"6":2,"7":2,"8":2,"9":2,"10":2,"11":2,"12":2,"13":2,"14":2,"15":2,"16":2,"17":2,"18":0,"19":0,"20":0,"21":0,"22":0,"23":0,"24":0,"25":0,"26":0,"27":0,"28":0,"29":0,"30":0,"31":0,"32":0,"33":0,"34":0,"35":0,"36":2,"37":0,"38":0,"39":0,"40":0,"41":0,"42":0,"43":0,"44":0,"45":0,"46":2,"47":2},"f":{"0":2,"1":0,"2":0,"3":0,"4":0,"5":0,"6":0,"7":0,"8":0},"b":{"0":[0,0],"1":[0,0]},"_coverageSchema":"332fd63041d2c1bcb487cc26dd0d5f7d97098a6c","hash":"ba91125fcf26895b53aad5d82cbb9b5a89b61d26"}
,"/Users/hyochan/Documents/GitHub/talktalk-rn/src/utils/Icons.js": {"path":"/Users/hyochan/Documents/GitHub/talktalk-rn/src/utils/Icons.js","statementMap":{"0":{"start":{"line":1,"column":13},"end":{"line":1,"column":75}},"1":{"start":{"line":1,"column":75},"end":{"line":1,"column":100}},"2":{"start":{"line":1,"column":114},"end":{"line":1,"column":152}},"3":{"start":{"line":1,"column":153},"end":{"line":1,"column":179}}},"fnMap":{},"branchMap":{},"s":{"0":3,"1":3,"2":3,"3":3},"f":{},"b":{},"_coverageSchema":"332fd63041d2c1bcb487cc26dd0d5f7d97098a6c","hash":"aee2a100728332c730fa0da37dcc88995f612bfd"}
,"/Users/hyochan/Documents/GitHub/talktalk-rn/src/utils/Styles.js": {"path":"/Users/hyochan/Documents/GitHub/talktalk-rn/src/utils/Styles.js","statementMap":{"0":{"start":{"line":1,"column":13},"end":{"line":1,"column":75}},"1":{"start":{"line":1,"column":75},"end":{"line":1,"column":186}},"2":{"start":{"line":1,"column":205},"end":{"line":1,"column":228}},"3":{"start":{"line":2,"column":34},"end":{"line":2,"column":75}},"4":{"start":{"line":4,"column":0},"end":{"line":4,"column":37}},"5":{"start":{"line":4,"column":46},"end":{"line":4,"column":67}},"6":{"start":{"line":4,"column":77},"end":{"line":4,"column":99}},"7":{"start":{"line":5,"column":15},"end":{"line":5,"column":78}},"8":{"start":{"line":6,"column":0},"end":{"line":6,"column":37}},"9":{"start":{"line":7,"column":0},"end":{"line":19,"column":1}},"10":{"start":{"line":8,"column":2},"end":{"line":12,"column":3}},"11":{"start":{"line":9,"column":4},"end":{"line":9,"column":25}},"12":{"start":{"line":11,"column":4},"end":{"line":11,"column":27}},"13":{"start":{"line":14,"column":2},"end":{"line":18,"column":3}},"14":{"start":{"line":15,"column":4},"end":{"line":15,"column":26}},"15":{"start":{"line":17,"column":4},"end":{"line":17,"column":26}},"16":{"start":{"line":20,"column":0},"end":{"line":20,"column":37}},"17":{"start":{"line":22,"column":18},"end":{"line":22,"column":23}},"18":{"start":{"line":22,"column":24},"end":{"line":22,"column":58}},"19":{"start":{"line":23,"column":19},"end":{"line":23,"column":25}},"20":{"start":{"line":23,"column":26},"end":{"line":23,"column":62}},"21":{"start":{"line":24,"column":12},"end":{"line":24,"column":32}},"22":{"start":{"line":24,"column":33},"end":{"line":24,"column":55}},"23":{"start":{"line":25,"column":0},"end":{"line":25,"column":31}},"24":{"start":{"line":26,"column":22},"end":{"line":26,"column":79}},"25":{"start":{"line":26,"column":80},"end":{"line":26,"column":122}},"26":{"start":{"line":36,"column":13},"end":{"line":41,"column":34}},"27":{"start":{"line":41,"column":35},"end":{"line":41,"column":59}}},"fnMap":{},"branchMap":{"0":{"loc":{"start":{"line":5,"column":15},"end":{"line":5,"column":78}},"type":"cond-expr","locations":[{"start":{"line":5,"column":33},"end":{"line":5,"column":54}},{"start":{"line":5,"column":57},"end":{"line":5,"column":78}}],"line":5},"1":{"loc":{"start":{"line":7,"column":0},"end":{"line":19,"column":1}},"type":"if","locations":[{"start":{"line":7,"column":0},"end":{"line":19,"column":1}},{"start":{"line":7,"column":0},"end":{"line":19,"column":1}}],"line":7},"2":{"loc":{"start":{"line":8,"column":2},"end":{"line":12,"column":3}},"type":"if","locations":[{"start":{"line":8,"column":2},"end":{"line":12,"column":3}},{"start":{"line":8,"column":2},"end":{"line":12,"column":3}}],"line":8},"3":{"loc":{"start":{"line":14,"column":2},"end":{"line":18,"column":3}},"type":"if","locations":[{"start":{"line":14,"column":2},"end":{"line":18,"column":3}},{"start":{"line":14,"column":2},"end":{"line":18,"column":3}}],"line":14}},"s":{"0":18,"1":18,"2":18,"3":18,"4":18,"5":18,"6":18,"7":18,"8":18,"9":18,"10":18,"11":18,"12":0,"13":0,"14":0,"15":0,"16":18,"17":18,"18":18,"19":18,"20":18,"21":18,"22":18,"23":18,"24":18,"25":18,"26":18,"27":18},"f":{},"b":{"0":[18,0],"1":[18,0],"2":[18,0],"3":[0,0]},"_coverageSchema":"332fd63041d2c1bcb487cc26dd0d5f7d97098a6c","hash":"dad766f712ae964f643090798aa6fbe101a32edc"}
,"/Users/hyochan/Documents/GitHub/talktalk-rn/test/jestSetup.js": {"path":"/Users/hyochan/Documents/GitHub/talktalk-rn/test/jestSetup.js","statementMap":{"0":{"start":{"line":1,"column":42},"end":{"line":1,"column":97}},"1":{"start":{"line":1,"column":112},"end":{"line":1,"column":129}},"2":{"start":{"line":2,"column":26},"end":{"line":2,"column":84}},"3":{"start":{"line":3,"column":19},"end":{"line":3,"column":42}},"4":{"start":{"line":5,"column":0},"end":{"line":5,"column":71}},"5":{"start":{"line":7,"column":0},"end":{"line":11,"column":2}},"6":{"start":{"line":8,"column":2},"end":{"line":10,"column":3}},"7":{"start":{"line":9,"column":4},"end":{"line":9,"column":29}},"8":{"start":{"line":19,"column":0},"end":{"line":20,"column":22}}},"fnMap":{"0":{"name":"(anonymous_0)","decl":{"start":{"line":7,"column":16},"end":{"line":7,"column":17}},"loc":{"start":{"line":7,"column":35},"end":{"line":11,"column":1}},"line":7}},"branchMap":{"0":{"loc":{"start":{"line":8,"column":2},"end":{"line":10,"column":3}},"type":"if","locations":[{"start":{"line":8,"column":2},"end":{"line":10,"column":3}},{"start":{"line":8,"column":2},"end":{"line":10,"column":3}}],"line":8}},"s":{"0":18,"1":18,"2":18,"3":18,"4":18,"5":18,"6":0,"7":0,"8":18},"f":{"0":0},"b":{"0":[0,0]},"_coverageSchema":"332fd63041d2c1bcb487cc26dd0d5f7d97098a6c","hash":"4b8807f48115ed7a6f8bc20fecc68a11b3258a91"}
}
