TN:
SF:/Users/hyochan/Documents/Github/talktalk-rn/STRINGS.js
FN:66,getString
FNF:1
FNH:1
FNDA:2,getString
DA:1,3
DA:3,3
DA:62,3
DA:66,3
DA:67,2
DA:68,3
LF:6
LH:6
BRF:0
BRH:0
end_of_record
TN:
SF:/Users/hyochan/Documents/Github/talktalk-rn/assets/icons/mask.png
FNF:0
FNH:0
DA:1,3
LF:1
LH:1
BRF:0
BRH:0
end_of_record
TN:
SF:/Users/hyochan/Documents/Github/talktalk-rn/src/components/screen/Chat.js
FN:40,(anonymous_0)
FN:40,Screen
FN:40,render
FNF:3
FNH:3
FNDA:1,(anonymous_0)
FNDA:1,Screen
FNDA:1,render
DA:1,1
DA:2,1
DA:3,1
DA:17,1
DA:23,1
DA:40,1
DA:46,1
DA:51,1
DA:54,1
LF:9
LH:9
BRF:0
BRH:0
end_of_record
TN:
SF:/Users/hyochan/Documents/Github/talktalk-rn/src/components/screen/FindPw.js
FN:40,(anonymous_0)
FN:40,Screen
FN:40,render
FNF:3
FNH:3
FNDA:1,(anonymous_0)
FNDA:1,Screen
FNDA:1,render
DA:1,1
DA:2,1
DA:3,1
DA:17,1
DA:23,1
DA:40,1
DA:46,1
DA:51,1
DA:54,1
LF:9
LH:9
BRF:0
BRH:0
end_of_record
TN:
SF:/Users/hyochan/Documents/Github/talktalk-rn/src/components/screen/Friend.js
FN:41,(anonymous_0)
FN:41,Screen
FN:41,render
FN:50,(anonymous_3)
FN:55,onPress
FNF:5
FNH:3
FNDA:1,(anonymous_0)
FNDA:1,Screen
FNDA:1,render
FNDA:0,(anonymous_3)
FNDA:0,onPress
DA:1,1
DA:2,1
DA:3,1
DA:17,1
DA:18,1
DA:24,1
DA:41,1
DA:47,1
DA:51,0
DA:55,0
DA:65,1
DA:68,1
LF:12
LH:10
BRF:0
BRH:0
end_of_record
TN:
SF:/Users/hyochan/Documents/Github/talktalk-rn/src/components/screen/Loading.js
FN:44,(anonymous_0)
FN:44,Screen
FN:44,render
FNF:3
FNH:3
FNDA:1,(anonymous_0)
FNDA:1,Screen
FNDA:1,render
DA:1,1
DA:2,1
DA:3,1
DA:17,1
DA:24,1
DA:44,1
DA:50,1
DA:55,1
DA:58,1
LF:9
LH:9
BRF:0
BRH:0
end_of_record
TN:
SF:/Users/hyochan/Documents/Github/talktalk-rn/src/components/screen/Login.js
FN:40,(anonymous_0)
FN:40,Screen
FN:40,render
FNF:3
FNH:3
FNDA:1,(anonymous_0)
FNDA:1,Screen
FNDA:1,render
DA:1,1
DA:2,1
DA:3,1
DA:17,1
DA:23,1
DA:40,1
DA:46,1
DA:51,1
DA:54,1
LF:9
LH:9
BRF:0
BRH:0
end_of_record
TN:
SF:/Users/hyochan/Documents/Github/talktalk-rn/src/components/screen/Message.js
FN:40,(anonymous_0)
FN:40,Screen
FN:40,render
FNF:3
FNH:3
FNDA:1,(anonymous_0)
FNDA:1,Screen
FNDA:1,render
DA:1,1
DA:2,1
DA:3,1
DA:17,1
DA:23,1
DA:40,1
DA:46,1
DA:51,1
DA:54,1
LF:9
LH:9
BRF:0
BRH:0
end_of_record
TN:
SF:/Users/hyochan/Documents/Github/talktalk-rn/src/components/screen/NotFound.js
FN:40,(anonymous_0)
FN:40,Screen
FN:40,render
FNF:3
FNH:3
FNDA:1,(anonymous_0)
FNDA:1,Screen
FNDA:1,render
DA:1,1
DA:2,1
DA:3,1
DA:17,1
DA:23,1
DA:40,1
DA:46,1
DA:51,1
DA:54,1
LF:9
LH:9
BRF:0
BRH:0
end_of_record
TN:
SF:/Users/hyochan/Documents/Github/talktalk-rn/src/components/screen/ProfileUpdate.js
FN:40,(anonymous_0)
FN:40,Screen
FN:40,render
FNF:3
FNH:3
FNDA:1,(anonymous_0)
FNDA:1,Screen
FNDA:1,render
DA:1,1
DA:2,1
DA:3,1
DA:17,1
DA:23,1
DA:40,1
DA:46,1
DA:51,1
DA:54,1
LF:9
LH:9
BRF:0
BRH:0
end_of_record
TN:
SF:/Users/hyochan/Documents/Github/talktalk-rn/src/components/screen/SearchUser.js
FN:41,(anonymous_0)
FN:41,Screen
FN:41,render
FN:50,(anonymous_3)
FN:54,onPress
FNF:5
FNH:3
FNDA:1,(anonymous_0)
FNDA:1,Screen
FNDA:1,render
FNDA:0,(anonymous_3)
FNDA:0,onPress
DA:1,1
DA:2,1
DA:3,1
DA:17,1
DA:18,1
DA:24,1
DA:41,1
DA:47,1
DA:51,0
DA:54,0
DA:62,1
DA:65,1
LF:12
LH:10
BRF:0
BRH:0
end_of_record
TN:
SF:/Users/hyochan/Documents/Github/talktalk-rn/src/components/screen/Signup.js
FN:41,(anonymous_0)
FN:41,Screen
FN:41,render
FNF:3
FNH:3
FNDA:1,(anonymous_0)
FNDA:1,Screen
FNDA:1,render
DA:1,1
DA:2,1
DA:3,1
DA:18,1
DA:24,1
DA:41,1
DA:47,1
DA:52,1
DA:55,1
LF:9
LH:9
BRF:0
BRH:0
end_of_record
TN:
SF:/Users/hyochan/Documents/Github/talktalk-rn/src/components/shared/Button.js
FN:81,(anonymous_0)
FN:81,Button
FN:81,render
FNF:3
FNH:3
FNDA:1,(anonymous_0)
FNDA:2,Button
FNDA:4,render
DA:1,1
DA:2,1
DA:3,1
DA:17,1
DA:26,1
DA:81,2
DA:93,4
DA:94,0
DA:100,4
DA:101,0
DA:107,4
DA:125,1
DA:128,1
LF:13
LH:11
BRDA:93,0,0,0
BRDA:93,0,1,4
BRDA:100,1,0,0
BRDA:100,1,1,4
BRDA:114,2,0,0
BRDA:114,2,1,4
BRF:6
BRH:3
end_of_record
TN:
SF:/Users/hyochan/Documents/Github/talktalk-rn/src/components/shared/ChatListItem.js
FN:40,(anonymous_0)
FN:40,Shared
FN:40,render
FNF:3
FNH:3
FNDA:1,(anonymous_0)
FNDA:1,Shared
FNDA:1,render
DA:1,1
DA:2,1
DA:3,1
DA:17,1
DA:23,1
DA:40,1
DA:46,1
DA:51,1
DA:54,1
LF:9
LH:9
BRF:0
BRH:0
end_of_record
TN:
SF:/Users/hyochan/Documents/Github/talktalk-rn/src/components/shared/ChatroomListItem.js
FN:36,(anonymous_0)
FN:36,Shared
FN:36,render
FNF:3
FNH:3
FNDA:1,(anonymous_0)
FNDA:1,Shared
FNDA:1,render
DA:1,1
DA:2,1
DA:3,1
DA:17,1
DA:19,1
DA:36,1
DA:42,1
DA:47,1
DA:50,1
LF:9
LH:9
BRF:0
BRH:0
end_of_record
TN:
SF:/Users/hyochan/Documents/Github/talktalk-rn/src/components/shared/EmptyListItem.js
FN:39,(anonymous_0)
FN:39,Shared
FN:39,render
FNF:3
FNH:3
FNDA:1,(anonymous_0)
FNDA:1,Shared
FNDA:1,render
DA:1,1
DA:2,1
DA:3,1
DA:17,1
DA:23,1
DA:39,1
DA:45,1
DA:50,1
DA:53,1
LF:9
LH:9
BRF:0
BRH:0
end_of_record
TN:
SF:/Users/hyochan/Documents/Github/talktalk-rn/src/components/shared/ProfileModal.js
FN:131,(anonymous_0)
FN:138,Shared
FN:213,(anonymous_2)
FN:217,(anonymous_3)
FN:221,(anonymous_4)
FN:226,(anonymous_5)
FN:230,(anonymous_6)
FN:234,(anonymous_7)
FN:238,(anonymous_8)
FN:241,render
FN:241,ref
FNF:11
FNH:3
FNDA:3,(anonymous_0)
FNDA:1,Shared
FNDA:0,(anonymous_2)
FNDA:0,(anonymous_3)
FNDA:0,(anonymous_4)
FNDA:0,(anonymous_5)
FNDA:0,(anonymous_6)
FNDA:0,(anonymous_7)
FNDA:0,(anonymous_8)
FNDA:1,render
FNDA:0,ref
DA:1,3
DA:2,3
DA:3,3
DA:15,3
DA:17,3
DA:18,3
DA:19,3
DA:36,3
DA:131,3
DA:138,1
DA:139,1
DA:214,0
DA:215,1
DA:218,0
DA:222,0
DA:224,1
DA:227,0
DA:228,1
DA:231,0
DA:232,1
DA:235,0
DA:236,1
DA:239,0
DA:240,0
DA:241,3
DA:244,3
LF:26
LH:18
BRDA:241,0,0,0
BRDA:241,0,1,1
BRDA:241,1,0,0
BRDA:241,1,1,1
BRDA:241,2,0,0
BRDA:241,2,1,1
BRDA:241,3,0,1
BRDA:241,3,1,0
BRDA:241,4,0,1
BRDA:241,4,1,0
BRF:10
BRH:5
end_of_record
TN:
SF:/Users/hyochan/Documents/Github/talktalk-rn/src/components/shared/StatusBar.js
FN:39,(anonymous_0)
FN:39,Shared
FN:39,render
FNF:3
FNH:3
FNDA:1,(anonymous_0)
FNDA:1,Shared
FNDA:1,render
DA:1,1
DA:2,1
DA:3,1
DA:17,1
DA:23,1
DA:39,1
DA:45,1
DA:50,1
DA:53,1
LF:9
LH:9
BRF:0
BRH:0
end_of_record
TN:
SF:/Users/hyochan/Documents/Github/talktalk-rn/src/components/shared/TextInput.js
FN:39,(anonymous_0)
FN:39,Shared
FN:39,render
FNF:3
FNH:3
FNDA:1,(anonymous_0)
FNDA:1,Shared
FNDA:1,render
DA:1,1
DA:2,1
DA:3,1
DA:17,1
DA:23,1
DA:39,1
DA:45,1
DA:50,1
DA:53,1
LF:9
LH:9
BRF:0
BRH:0
end_of_record
TN:
SF:/Users/hyochan/Documents/Github/talktalk-rn/src/components/shared/UserListItem.js
FN:39,(anonymous_0)
FN:39,Shared
FN:39,render
FNF:3
FNH:3
FNDA:1,(anonymous_0)
FNDA:1,Shared
FNDA:1,render
DA:1,1
DA:2,1
DA:3,1
DA:17,1
DA:23,1
DA:39,1
DA:45,1
DA:50,1
DA:53,1
LF:9
LH:9
BRF:0
BRH:0
end_of_record
TN:
SF:/Users/hyochan/Documents/Github/talktalk-rn/src/providers/ProfileModalProvider.js
FN:9,(anonymous_0)
FN:9,ProfileModalProvider
FN:17,setModal
FN:21,showModal
FN:23,(anonymous_4)
FN:31,onChatPressed
FN:36,render
FN:46,ref
FN:50,onChatPressed
FNF:9
FNH:1
FNDA:2,(anonymous_0)
FNDA:0,ProfileModalProvider
FNDA:0,setModal
FNDA:0,showModal
FNDA:0,(anonymous_4)
FNDA:0,onChatPressed
FNDA:0,render
FNDA:0,ref
FNDA:0,onChatPressed
DA:1,2
DA:2,2
DA:3,2
DA:5,2
DA:7,2
DA:9,2
DA:13,0
DA:18,0
DA:19,0
DA:22,0
DA:23,0
DA:24,0
DA:25,0
DA:26,0
DA:27,0
DA:32,0
DA:33,0
DA:35,0
DA:36,2
DA:39,0
DA:40,0
DA:41,0
DA:42,0
DA:47,0
DA:48,0
DA:50,0
DA:54,2
LF:27
LH:8
BRDA:24,0,0,0
BRDA:24,0,1,0
BRDA:32,1,0,0
BRDA:32,1,1,0
BRF:4
BRH:0
end_of_record
TN:
SF:/Users/hyochan/Documents/Github/talktalk-rn/src/utils/Icons.js
FNF:0
FNH:0
DA:1,3
LF:1
LH:1
BRF:0
BRH:0
end_of_record
TN:
SF:/Users/hyochan/Documents/Github/talktalk-rn/src/utils/Styles.js
FNF:0
FNH:0
DA:1,18
DA:2,18
DA:4,18
DA:5,18
DA:6,18
DA:7,18
DA:8,18
DA:9,18
DA:11,0
DA:14,0
DA:15,0
DA:17,0
DA:20,18
DA:22,18
DA:23,18
DA:24,18
DA:25,18
DA:26,18
DA:36,18
DA:41,18
LF:20
LH:16
BRDA:5,0,0,18
BRDA:5,0,1,0
BRDA:7,1,0,18
BRDA:7,1,1,0
BRDA:8,2,0,18
BRDA:8,2,1,0
BRDA:14,3,0,0
BRDA:14,3,1,0
BRF:8
BRH:3
end_of_record
TN:
SF:/Users/hyochan/Documents/Github/talktalk-rn/test/jestSetup.js
FN:7,(anonymous_0)
FNF:1
FNH:0
FNDA:0,(anonymous_0)
DA:1,18
DA:2,18
DA:3,18
DA:5,18
DA:7,18
DA:8,0
DA:9,0
DA:19,18
LF:8
LH:6
BRDA:8,0,0,0
BRDA:8,0,1,0
BRF:2
BRH:0
end_of_record
